<?xml version="1.0" encoding="UTF-8"?>
<!-- Generated by org.testng.reporters.JUnitReportReporter -->
<testsuite hostname="rajasekar" failures="0" tests="1" name="gesture.SwipeGesture" time="68.545" errors="0" timestamp="2023-06-17T08:59:48 IST" skipped="0">
  <testcase classname="gesture.SwipeGesture" name="swipe" time="68.545"/>
  <system-out/>
</testsuite> <!-- gesture.SwipeGesture -->
